[INFO ] 2019-09-23 09:41:06,398 org.springframework.web.context.ContextLoader     - Root WebApplicationContext: initialization started
  [INFO ] 2019-09-23 09:41:06,470 org.springframework.web.context.support.XmlWebApplicationContext     - Refreshing Root WebApplicationContext: startup date [Mon Sep 23 09:41:06 CST 2019]; root of context hierarchy
  [INFO ] 2019-09-23 09:41:06,507 org.springframework.beans.factory.xml.XmlBeanDefinitionReader     - Loading XML bean definitions from file [E:\project\jxxtest\target\classes\spring\spring-mvc.xml]
  [INFO ] 2019-09-23 09:41:10,466 org.springframework.beans.factory.xml.XmlBeanDefinitionReader     - Loading XML bean definitions from file [E:\project\jxxtest\target\classes\spring\spring-service.xml]
  [INFO ] 2019-09-23 09:41:10,700 org.springframework.beans.factory.annotation.AutowiredAnnotationBeanPostProcessor     - JSR-330 'javax.inject.Inject' annotation found and supported for autowiring
  [INFO ] 2019-09-23 09:41:10,998 org.springframework.web.servlet.handler.SimpleUrlHandlerMapping     - Mapped URL path [/**] onto handler 'org.springframework.web.servlet.resource.DefaultServletHttpRequestHandler#0'
  [INFO ] 2019-09-23 09:41:11,024 org.springframework.web.servlet.mvc.method.annotation.RequestMappingHandlerMapping     - Mapped "{[/fenxiang/fenxiang1],methods=[],params=[],headers=[],consumes=[],produces=[],custom=[]}" onto public void com.om.controller.TestWeixinController.fenxiang(javax.servlet.http.HttpServletRequest,javax.servlet.http.HttpServletResponse) throws javax.servlet.ServletException,java.io.IOException
  [INFO ] 2019-09-23 09:41:11,025 org.springframework.web.servlet.mvc.method.annotation.RequestMappingHandlerMapping     - Mapped "{[/user],methods=[],params=[],headers=[],consumes=[],produces=[],custom=[]}" onto public java.lang.Object com.om.controller.Text2.getUserInfo(java.util.Map)
  [INFO ] 2019-09-23 09:41:11,025 org.springframework.web.servlet.mvc.method.annotation.RequestMappingHandlerMapping     - Mapped "{[/money],methods=[],params=[],headers=[],consumes=[],produces=[],custom=[]}" onto public java.lang.Object com.om.controller.Text2.getMoneyInfo(java.lang.String)
  [INFO ] 2019-09-23 09:41:11,025 org.springframework.web.servlet.mvc.method.annotation.RequestMappingHandlerMapping     - Mapped "{[/main/user],methods=[],params=[],headers=[],consumes=[],produces=[],custom=[]}" onto public java.lang.String com.om.controller.UserController.getUserInfo(java.lang.String) throws java.util.concurrent.ExecutionException,java.lang.InterruptedException
  [INFO ] 2019-09-23 09:41:11,025 org.springframework.web.servlet.mvc.method.annotation.RequestMappingHandlerMapping     - Mapped "{[/main2/user2],methods=[],params=[],headers=[],consumes=[],produces=[],custom=[]}" onto public java.util.concurrent.Callable com.om.controller.UserController2.getUserInfo(java.lang.String) throws java.util.concurrent.ExecutionException,java.lang.InterruptedException
  [INFO ] 2019-09-23 09:41:11,026 org.springframework.web.servlet.mvc.method.annotation.RequestMappingHandlerMapping     - Mapped "{[/weixin],methods=[GET],params=[],headers=[],consumes=[],produces=[],custom=[]}" onto public void com.om.controller.WebCharController.get(javax.servlet.http.HttpServletRequest,javax.servlet.http.HttpServletResponse) throws java.io.IOException
  [INFO ] 2019-09-23 09:41:11,026 org.springframework.web.servlet.mvc.method.annotation.RequestMappingHandlerMapping     - Mapped "{[/weixin],methods=[POST],params=[],headers=[],consumes=[],produces=[],custom=[]}" onto public void com.om.controller.WebCharController.post(javax.servlet.http.HttpServletRequest,javax.servlet.http.HttpServletResponse) throws java.lang.Exception
  [INFO ] 2019-09-23 09:41:11,142 org.springframework.web.context.ContextLoader     - Root WebApplicationContext: initialization completed in 4742 ms
  [INFO ] 2019-09-23 09:41:11,154         com.om.util.weixin.CommonUtil     - weixin api appid:wx4079b3c62a6f3b8b
  [INFO ] 2019-09-23 09:41:11,154         com.om.util.weixin.CommonUtil     - weixin api appsecret:d7b25eefde1e43c89b961dbf68c1fbcd
  [INFO ] 2019-09-23 09:41:11,172 org.springframework.web.servlet.DispatcherServlet     - FrameworkServlet 'springMvc': initialization started
  [INFO ] 2019-09-23 09:41:11,175 org.springframework.web.context.support.XmlWebApplicationContext     - Refreshing WebApplicationContext for namespace 'springMvc-servlet': startup date [Mon Sep 23 09:41:11 CST 2019]; parent: Root WebApplicationContext
  [INFO ] 2019-09-23 09:41:11,175 org.springframework.beans.factory.xml.XmlBeanDefinitionReader     - Loading XML bean definitions from class path resource [spring/spring-mvc.xml]
  [INFO ] 2019-09-23 09:41:11,856             com.om.thread.TokenThread     - 获取access_token成功，有效时长7200秒 token:25_wtll3MMkilkKJqycFvinKx3dkWbCpqusVoCDFvAIUjS5vnH8Qtbp4xpGwuO7-otHA5N7N2j2sgfs-TOgR5vzDVOxQr2RrPgu2s38o4x6idZypzo8BigS_KBYWch53ms4nYxdTICghIs8lFFTUSKfAIAKIA
  [INFO ] 2019-09-23 09:41:11,865 org.springframework.beans.factory.annotation.AutowiredAnnotationBeanPostProcessor     - JSR-330 'javax.inject.Inject' annotation found and supported for autowiring
  [INFO ] 2019-09-23 09:41:11,878 org.springframework.web.servlet.handler.SimpleUrlHandlerMapping     - Mapped URL path [/**] onto handler 'org.springframework.web.servlet.resource.DefaultServletHttpRequestHandler#0'
  [INFO ] 2019-09-23 09:41:11,887 org.springframework.web.servlet.mvc.method.annotation.RequestMappingHandlerMapping     - Mapped "{[/fenxiang/fenxiang1],methods=[],params=[],headers=[],consumes=[],produces=[],custom=[]}" onto public void com.om.controller.TestWeixinController.fenxiang(javax.servlet.http.HttpServletRequest,javax.servlet.http.HttpServletResponse) throws javax.servlet.ServletException,java.io.IOException
  [INFO ] 2019-09-23 09:41:11,888 org.springframework.web.servlet.mvc.method.annotation.RequestMappingHandlerMapping     - Mapped "{[/user],methods=[],params=[],headers=[],consumes=[],produces=[],custom=[]}" onto public java.lang.Object com.om.controller.Text2.getUserInfo(java.util.Map)
  [INFO ] 2019-09-23 09:41:11,888 org.springframework.web.servlet.mvc.method.annotation.RequestMappingHandlerMapping     - Mapped "{[/money],methods=[],params=[],headers=[],consumes=[],produces=[],custom=[]}" onto public java.lang.Object com.om.controller.Text2.getMoneyInfo(java.lang.String)
  [INFO ] 2019-09-23 09:41:11,888 org.springframework.web.servlet.mvc.method.annotation.RequestMappingHandlerMapping     - Mapped "{[/main/user],methods=[],params=[],headers=[],consumes=[],produces=[],custom=[]}" onto public java.lang.String com.om.controller.UserController.getUserInfo(java.lang.String) throws java.util.concurrent.ExecutionException,java.lang.InterruptedException
  [INFO ] 2019-09-23 09:41:11,889 org.springframework.web.servlet.mvc.method.annotation.RequestMappingHandlerMapping     - Mapped "{[/main2/user2],methods=[],params=[],headers=[],consumes=[],produces=[],custom=[]}" onto public java.util.concurrent.Callable com.om.controller.UserController2.getUserInfo(java.lang.String) throws java.util.concurrent.ExecutionException,java.lang.InterruptedException
  [INFO ] 2019-09-23 09:41:11,889 org.springframework.web.servlet.mvc.method.annotation.RequestMappingHandlerMapping     - Mapped "{[/weixin],methods=[GET],params=[],headers=[],consumes=[],produces=[],custom=[]}" onto public void com.om.controller.WebCharController.get(javax.servlet.http.HttpServletRequest,javax.servlet.http.HttpServletResponse) throws java.io.IOException
  [INFO ] 2019-09-23 09:41:11,889 org.springframework.web.servlet.mvc.method.annotation.RequestMappingHandlerMapping     - Mapped "{[/weixin],methods=[POST],params=[],headers=[],consumes=[],produces=[],custom=[]}" onto public void com.om.controller.WebCharController.post(javax.servlet.http.HttpServletRequest,javax.servlet.http.HttpServletResponse) throws java.lang.Exception
  [INFO ] 2019-09-23 09:41:11,959 org.springframework.web.servlet.DispatcherServlet     - FrameworkServlet 'springMvc': initialization completed in 787 ms
  [INFO ] 2019-09-23 11:37:52,426             com.om.thread.TokenThread     - 获取access_token成功，有效时长7200秒 token:25_plXbNxLTihlsZrj_IwfYM9MHZrXu1UG92XxxPWADQi4TcZ9YNk5RaTyd2bKA1Xa-J0kJVoQDrqeR7u29op9X4fHsmmqqjKyBSyMgJaWggYaRGJk9f9O6_ZtJGwn9GijVXtErzlJC32Kp0nH9MPMeAHAYBY
  [INFO ] 2019-09-23 13:34:32,953             com.om.thread.TokenThread     - 获取access_token成功，有效时长7200秒 token:25_qhnymftdEnPEOyRnHifTWxahxEmxnY4-ahOjfr79sleVzSAJRoqqc98_1vDi9FZgna3Ay0ZDBNksMIKzH49NQOhgBRADyXer69gL3-yFQCnAhC4IAA8S7qHS_XrA09a1wiUo9NMlboIMSrBiOGRiAAAZRC
  [INFO ] 2019-09-23 15:31:13,351             com.om.thread.TokenThread     - 获取access_token成功，有效时长7200秒 token:25_zBo-wm3q0-AIjr8LXP6FE2f0Uel1MREPyAAbV9YORLxTPJ2AMgnZlWvSLRKmE1LPiKpo9AcI2ObiAw3e_P16See7rqeU9i9ezCB97ccVEjIhND3HjresDkLloAHTk9bNUUxW1xA9z43Pv27wGNYhABAWDO
  [INFO ] 2019-09-23 17:27:53,825             com.om.thread.TokenThread     - 获取access_token成功，有效时长7200秒 token:25_Z9bNOePJxgD2VuKy2GQxjqVZbEcMW1rAylRiUizK_r6rDGHh5dPWlt_KSLQBwbgY3zVg_UeWWRIgNwJUxR0KZmOy9ttl6ie-B_I1D5SeUFrxiYwK1u8b7KzL9shn1GDwGAxsH8ZhH3nQQI5HLBSdAFARHY
  